<html>
<body>
<pre>
<h1>µVision Build Log</h1>
<h2>Tool Versions:</h2>
IDE-Version: µVision V5.24.2.0
Copyright (C) 2017 ARM Ltd and ARM Germany GmbH. All rights reserved.
License Information: Lars Aeschlimann, Berner Fachhochschule, LIC=----
 
Tool Versions:
Toolchain:       MDK-Lite  Version: 5.24.1
Toolchain Path:  C:\Keil_v5\ARM\ARMCC\Bin
C Compiler:      Armcc.exe V5.06 update 5 (build 528)
Assembler:       Armasm.exe V5.06 update 5 (build 528)
Linker/Locator:  ArmLink.exe V5.06 update 5 (build 528)
Library Manager: ArmAr.exe V5.06 update 5 (build 528)
Hex Converter:   FromElf.exe V5.06 update 5 (build 528)
CPU DLL:         SARMCM3.DLL V5.24.1
Dialog DLL:      DCM.DLL V1.16.0.0
Target DLL:      STLink\ST-LINKIII-KEIL_SWO.dll V3.0.1.0
Dialog DLL:      TCM.DLL V1.32.0.0
 
<h2>Project:</h2>
C:\Users\Lars Aeschlimann\Desktop\Firmwares_LR_Control\FirmwareMain\MDK-ARM\FirmwareMain.uvprojx
Project File Date:  12/19/2017

<h2>Output:</h2>
*** Using Compiler 'V5.06 update 5 (build 528)', folder: 'C:\Keil_v5\ARM\ARMCC\Bin'
Rebuild target 'FirmwareMain'
compiling stm32f1xx_hal_dma.c...
compiling stm32f1xx_hal_gpio_ex.c...
compiling stm32f1xx_hal_cortex.c...
compiling stm32f1xx_hal_gpio.c...
compiling stm32f1xx_hal_pwr.c...
compiling system_stm32f1xx.c...
compiling stm32f1xx_hal_flash.c...
compiling stm32f1xx_hal_tim_ex.c...
compiling stm32f1xx_hal_rcc.c...
compiling stm32f1xx_hal.c...
compiling stm32f1xx_hal_uart.c...
compiling stm32f1xx_hal_rcc_ex.c...
compiling stm32f1xx_hal_flash_ex.c...
assembling startup_stm32f100xe.s...
compiling rgb_led.c...
compiling shiftregister.c...
compiling stm32f1xx_hal_tim.c...
compiling stm32f1xx_it.c...
../Src/stm32f1xx_it.c(201): error:  #29: expected an expression
  <<<<<<< HEAD
../Src/stm32f1xx_it.c(204): error:  #29: expected an expression
  =======
../Src/stm32f1xx_it.c(208): error:  #29: expected an expression
  >>>>>>> a0e29b7b733ac34fde974c94cb879d42c99bec1f
../Src/stm32f1xx_it.c(252): error:  #65: expected a ";"
  {
../Src/stm32f1xx_it.c(310): warning: At end of source:  #12-D: parsing restarts here after previous syntax error
../Src/stm32f1xx_it.c(310): error: At end of source:  #67: expected a "}"
../Src/stm32f1xx_it.c: 1 warning, 5 errors
compiling stm32f1xx_hal_msp.c...
compiling main.c...
"FirmwareMain\FirmwareMain.axf" - 5 Error(s), 1 Warning(s).

<h2>Software Packages used:</h2>

Package Vendor: ARM
                http://www.keil.com/pack/ARM.CMSIS.5.0.1.pack
                ARM.CMSIS.5.0.1
                CMSIS (Cortex Microcontroller Software Interface Standard)
   * Component: CORE Version: 5.0.1

Package Vendor: Keil
                http://www.keil.com/pack/Keil.STM32F1xx_DFP.2.2.0.pack
                Keil.STM32F1xx_DFP.2.2.0
                STMicroelectronics STM32F1 Series Device Support, Drivers and Examples

<h2>Collection of Component include folders:</h2>
  .\RTE\_FirmwareMain
  C:\Keil_v5\ARM\PACK\ARM\CMSIS\5.0.1\CMSIS\Include
  C:\Keil_v5\ARM\PACK\Keil\STM32F1xx_DFP\2.2.0\Device\Include

<h2>Collection of Component Files used:</h2>

   * Component: ARM::CMSIS:CORE:5.0.1
Target not created.
Build Time Elapsed:  00:00:03
</pre>
</body>
</html>
